#
# A fatal error has been detected by the Java Runtime Environment:
#
#  EXCEPTION_ACCESS_VIOLATION (0xc0000005) at pc=0x0000007b00e20319, pid=52628, tid=38472
#
# JRE version: OpenJDK Runtime Environment Microsoft-11933218 (21.0.8+9) (build 21.0.8+9-LTS)
# Java VM: OpenJDK 64-Bit Server VM Microsoft-11933218 (21.0.8+9-LTS, mixed mode, sharing, tiered, compressed oops, compressed class ptrs, g1 gc, windows-amd64)
# Problematic frame:
# C  [jdwp.dll+0x16534]
#
# No core dump will be written. Minidumps are not enabled by default on client versions of Windows
#
# If you would like to submit a bug report, please visit:
#   https://github.com/microsoft/openjdk/issues
# The crash happened outside the Java Virtual Machine in native code.
# See problematic frame for where to report the bug.
#

---------------  S U M M A R Y ------------

Command Line: -agentlib:jdwp=transport=dt_socket,server=n,suspend=y,address=127.0.0.1:53999 -Dfile.encoding=windows-1252 -Duser.country=US -Duser.language=en -Duser.variant com.csse3200.game.desktop.DesktopLauncher

Host: AMD Ryzen 5 7535HS with Radeon Graphics        , 12 cores, 15G,  Windows 11 , 64 bit Build 26100 (10.0.26100.4768)
Time: Sun Aug 31 10:41:29 2025 E. Australia Standard Time elapsed time: 0.384158 seconds (0d 0h 0m 0s)

---------------  T H R E A D  ---------------

Current thread (0x0000024d82c01600):  JavaThread "main"             [_thread_in_native, id=38472, stack(0x00000052c5e00000,0x00000052c5f00000) (1024K)]

Stack: [0x00000052c5e00000,0x00000052c5f00000],  sp=0x00000052c5efbaa0,  free space=1006k
Native frames: (J=compiled Java code, j=interpreted, Vv=VM code, C=native code)
C  0x0000007b00e20319

Java frames: (J=compiled Java code, j=interpreted, Vv=VM code)
j  org.lwjgl.system.jemalloc.JEmalloc.nje_malloc(J)J+0
j  org.lwjgl.system.jemalloc.JEmalloc.<clinit>()V+44
v  ~StubRoutines::call_stub 0x0000024d94af100d
j  org.lwjgl.system.jemalloc.JEmallocAllocator.<clinit>()V+0
v  ~StubRoutines::call_stub 0x0000024d94af100d
j  java.lang.Class.forName0(Ljava/lang/String;ZLjava/lang/ClassLoader;Ljava/lang/Class;)Ljava/lang/Class;+0 java.base@21.0.8
j  java.lang.Class.forName(Ljava/lang/String;Ljava/lang/Class;)Ljava/lang/Class;+19 java.base@21.0.8
j  java.lang.Class.forName(Ljava/lang/String;)Ljava/lang/Class;+6 java.base@21.0.8
j  org.lwjgl.system.MemoryManage.getInstance()Lorg/lwjgl/system/MemoryUtil$MemoryAllocator;+68
j  org.lwjgl.system.MemoryUtil$LazyInit.<clinit>()V+0
v  ~StubRoutines::call_stub 0x0000024d94af100d
j  org.lwjgl.system.MemoryUtil.getAllocator(Z)Lorg/lwjgl/system/MemoryUtil$MemoryAllocator;+10
j  org.lwjgl.system.MemoryUtil.getAllocator()Lorg/lwjgl/system/MemoryUtil$MemoryAllocator;+1
j  org.lwjgl.system.Callback.<clinit>()V+217
v  ~StubRoutines::call_stub 0x0000024d94af100d
j  com.badlogic.gdx.backends.lwjgl3.Lwjgl3Application.initializeGlfw()V+21
j  com.badlogic.gdx.backends.lwjgl3.Lwjgl3Application.<init>(Lcom/badlogic/gdx/ApplicationListener;Lcom/badlogic/gdx/backends/lwjgl3/Lwjgl3ApplicationConfiguration;)V+82
j  com.csse3200.game.desktop.DesktopLauncher.main([Ljava/lang/String;)V+20
v  ~StubRoutines::call_stub 0x0000024d94af100d

siginfo: EXCEPTION_ACCESS_VIOLATION (0xc0000005), data execution prevention violation at address 0x0000007b00e20319


Registers:
RAX=0x0000024da4bbffd0, RBX=0x0000024da44da4f0, RCX=0x0000024d82c019b8, RDX=0x0000024da44da4f0
RSP=0x00000052c5efba98, RBP=0x0000000000000002, RSI=0x00000052c5efbb50, RDI=0x0000024d82c019b8
R8 =0x0000007b00e20319, R9 =0x00007ffb1870ddc0, R10=0x00007ffbd27b0000, R11=0x00000052c5efba68
R12=0x0000000000000007, R13=0x0000024d82c01bd0, R14=0x00007ffbb92c0300, R15=0x0000000000000000
RIP=0x0000007b00e20319, EFLAGS=0x0000000000010206

XMM[0]=0x0000000000000000 0x0000000000000000
XMM[1]=0x0000000000000000 0x0000000000000000
XMM[2]=0x0000000000000000 0x0000000000000000
XMM[3]=0x0000000000000000 0x0000000000000000
XMM[4]=0x0000000000000000 0x0000000000000000
XMM[5]=0x0000000000000000 0x0000000000000000
XMM[6]=0x9c1d537212c2a0bb 0x32dca3f644493af1
XMM[7]=0xca0e31af4a61e467 0x7f4881ef5486ab2d
XMM[8]=0x057316e3bd69ecf1 0x5120ff6cd2feee14
XMM[9]=0x073b7c41073b7c41 0x073b7c412b901d03
XMM[10]=0x0000000000000000 0x000000002454a0c2
XMM[11]=0xe7135f4ae7135f4a 0xe7135f4a12a37c4d
XMM[12]=0x0000000000000000 0x000000002b901d03
XMM[13]=0x0000000000000000 0x0000000000000000
XMM[14]=0x0000000000000000 0x0000000000000000
XMM[15]=0x0000000000000000 0x0000000000000000
  MXCSR=0x00001fa0


Register to memory mapping:

RAX=0x0000024da4bbffd0 points into unknown readable memory: 0x0000000000000000 | 00 00 00 00 00 00 00 00
RBX=0x0000024da44da4f0 points into unknown readable memory: 0x000000071c00a690 | 90 a6 00 1c 07 00 00 00
RCX=0x0000024d82c019b8 points into unknown readable memory: 0x0000024da4bbffd0 | d0 ff bb a4 4d 02 00 00
RDX=0x0000024da44da4f0 points into unknown readable memory: 0x000000071c00a690 | 90 a6 00 1c 07 00 00 00
RSP=0x00000052c5efba98 is pointing into the stack for thread: 0x0000024d82c01600
RBP=0x0000000000000002 is an unknown value
RSI=0x00000052c5efbb50 is pointing into the stack for thread: 0x0000024d82c01600
RDI=0x0000024d82c019b8 points into unknown readable memory: 0x0000024da4bbffd0 | d0 ff bb a4 4d 02 00 00
R8 =0x0000007b00e20319 is an unknown value
R9 =0x00007ffb1870ddc0 jvm.dll
R10=0x00007ffbd27b0000 VCRUNTIME140.dll
R11=0x00000052c5efba68 is pointing into the stack for thread: 0x0000024d82c01600
R12=0x0000000000000007 is an unknown value
R13=0x0000024d82c01bd0 points into unknown readable memory: 0x0000024da4556060 | 60 60 55 a4 4d 02 00 00
R14=0x00007ffbb92c0300 jdwp.dll
R15=0x0 is null

Top of Stack: (sp=0x00000052c5efba98)
0x00000052c5efba98:   00007ffbb92a6534 0000024da44da4f0
0x00000052c5efbaa8:   00000052c5efbb50 0000000000000000
0x00000052c5efbab8:   0000000000000000 0000024da44150b0
0x00000052c5efbac8:   0000000000000000 0000024d82bef720
0x00000052c5efbad8:   00007ffbb92c03a0 0000024da44da4f0
0x00000052c5efbae8:   00007ffbb92a2b1f 0000024da44da4f0
0x00000052c5efbaf8:   0000000000000002 0000024d82c019b8
0x00000052c5efbb08:   0000024da44da4f8 000000000000024d
0x00000052c5efbb18:   00007ffb1855240f 000000000000024d
0x00000052c5efbb28:   0000024da4452e20 0000000518ef0100
0x00000052c5efbb38:   0000024da601dde8 00000052c5efbcc0
0x00000052c5efbb48:   00000052c5efbe60 0000000000000007
0x00000052c5efbb58:   0000024da44da4f0 0000000000000000
0x00000052c5efbb68:   0000024da44da4f8 0000000000000000
0x00000052c5efbb78:   0000000000000000 0000000000000000
0x00000052c5efbb88:   0000000000000000 0000000000000000
0x00000052c5efbb98:   0000000000000000 0000000000000000
0x00000052c5efbba8:   0000024da451e320 0000024da601dde8
0x00000052c5efbbb8:   00007ffb1884b14b 0000024da44da4f8
0x00000052c5efbbc8:   0000024da451e320 0000024d82c01600
0x00000052c5efbbd8:   0000000000000000 0000024d82bef6d0
0x00000052c5efbbe8:   0000024d82c09270 00000052c5efbd50
0x00000052c5efbbf8:   0000000000000005 0000024da601dde8
0x00000052c5efbc08:   0000024de64da3b8 00002ed43a184a16
0x00000052c5efbc18:   0000024da5611e40 0000024d82c1adf0
0x00000052c5efbc28:   0000024d82c01c60 0000024d82c01c70
0x00000052c5efbc38:   0000024d82c02048 00000000000003d8
0x00000052c5efbc48:   0000024d82c01600 0000024d82c01600
0x00000052c5efbc58:   0000024d82c1acb0 0000024d82c00390
0x00000052c5efbc68:   0000024d82c00400 0000024d82c00478
0x00000052c5efbc78:   00000000000000d8 00000052c5efbc90
0x00000052c5efbc88:   00007ffb1895eed3 0000024d82c01600 

Instructions: (pc=0x00007ffbb92a6534)
0x00007ffbb92a6434:   0d 17 6b 01 00 48 8b d3 e8 cb 50 00 00 41 8b cc
0x00007ffbb92a6444:   e8 4f 9f ff ff 48 8b d0 48 8d 0d 8d a0 01 00 e8
0x00007ffbb92a6454:   5c 51 00 00 4c 8b 4e 28 48 8d 0d 95 a0 01 00 4c
0x00007ffbb92a6464:   8b 46 20 48 8b 56 08 e8 30 10 01 00 48 8b 05 b9
0x00007ffbb92a6474:   0c 02 00 f6 80 10 02 00 00 02 74 28 41 b8 6a 02
0x00007ffbb92a6484:   00 00 48 8d 0d 63 5f 01 00 48 8b d3 e8 77 50 00
0x00007ffbb92a6494:   00 48 8d 15 4c 60 01 00 48 8d 0d 65 5f 01 00 e8
0x00007ffbb92a64a4:   0c 51 00 00 48 8b 07 48 8b cf 48 8b 50 78 ff d2
0x00007ffbb92a64b4:   48 8b 0d 75 0c 02 00 4c 8b f8 f6 81 10 02 00 00
0x00007ffbb92a64c4:   02 74 28 41 b8 6b 02 00 00 48 8d 0d 1c 5f 01 00
0x00007ffbb92a64d4:   48 8b d3 e8 30 50 00 00 48 8d 15 3d 60 01 00 48
0x00007ffbb92a64e4:   8d 0d 1e 5f 01 00 e8 c5 50 00 00 48 8b 07 48 8b
0x00007ffbb92a64f4:   cf 48 8b 90 88 00 00 00 ff d2 83 3d e7 07 02 00
0x00007ffbb92a6504:   00 76 0f e8 1c 5a ff ff c7 05 d6 07 02 00 00 00
0x00007ffbb92a6514:   00 00 48 8b 5e 08 48 85 db 74 4b 48 8b 05 0a 0c
0x00007ffbb92a6524:   02 00 80 78 13 00 74 0b 48 8b cb e8 bc 09 01 00
0x00007ffbb92a6534:   88 46 10 4d 8b c7 48 8b d6 41 8a ce e8 fb a1 00
0x00007ffbb92a6544:   00 48 8b e8 48 85 c0 75 25 48 8b cb e8 d7 44 00
0x00007ffbb92a6554:   00 84 c0 0f 84 f2 00 00 00 48 8b d3 41 8a ce e8
0x00007ffbb92a6564:   b0 13 00 00 eb e3 e8 11 0e 00 00 48 8b e8 4c 8b
0x00007ffbb92a6574:   cd 44 88 74 24 20 45 8b c4 48 8b d6 48 8b cf e8
0x00007ffbb92a6584:   e8 00 00 00 83 3e 14 75 0b 48 8b 05 9c 0b 02 00
0x00007ffbb92a6594:   c6 40 10 01 48 85 db 75 08 48 8b cd e8 3f 51 ff
0x00007ffbb92a65a4:   ff 48 8b 05 84 0b 02 00 4d 85 ff 74 47 f6 80 10
0x00007ffbb92a65b4:   02 00 00 02 74 2c 41 b8 b3 02 00 00 48 8d 15 d9
0x00007ffbb92a65c4:   9d 01 00 48 8d 0d 22 5e 01 00 e8 39 4f 00 00 48
0x00007ffbb92a65d4:   8d 15 26 79 01 00 48 8d 0d 27 5e 01 00 e8 ce 4f
0x00007ffbb92a65e4:   00 00 48 8b 07 49 8b d7 48 8b cf 4c 8b 40 68 41
0x00007ffbb92a65f4:   ff d0 eb 45 f6 80 10 02 00 00 02 74 2c 41 b8 b5
0x00007ffbb92a6604:   02 00 00 48 8d 15 92 9d 01 00 48 8d 0d db 5d 01
0x00007ffbb92a6614:   00 e8 f2 4e 00 00 48 8d 15 ff 5e 01 00 48 8d 0d
0x00007ffbb92a6624:   e0 5d 01 00 e8 87 4f 00 00 48 8b 07 48 8b cf 4c 


Stack slot to memory mapping:

stack at sp + 0 slots: 0x0000024da44da4f0 points into unknown readable memory: 0x000000071c00a690 | 90 a6 00 1c 07 00 00 00
stack at sp + 1 slots: 0x00000052c5efbb50 is pointing into the stack for thread: 0x0000024d82c01600
stack at sp + 2 slots: 0x0 is null
stack at sp + 3 slots: 0x0 is null
stack at sp + 4 slots: 0x0000024da44150b0 points into unknown readable memory: 0x0000024d8d5c0490 | 90 04 5c 8d 4d 02 00 00
stack at sp + 5 slots: 0x0 is null
stack at sp + 6 slots: 0x0000024d82bef720 points into unknown readable memory: 0x8000001200000001 | 01 00 00 00 12 00 00 80
stack at sp + 7 slots: 0x00007ffbb92c03a0 jdwp.dll


---------------  P R O C E S S  ---------------

Threads class SMR info:
_java_thread_list=0x0000024da45662d0, length=14, elements={
0x0000024d82c01600, 0x0000024da43dd1e0, 0x0000024da43ddc30, 0x0000024da43e7d90,
0x0000024da43eaa90, 0x0000024da43ef940, 0x0000024da43f0390, 0x0000024da44029e0,
0x0000024da44074b0, 0x0000024da455cfe0, 0x0000024da456a670, 0x0000024da456cd00,
0x0000024da4571dd0, 0x0000024da457fd20
}

Java Threads: ( => current thread )
=>0x0000024d82c01600 JavaThread "main"                              [_thread_in_native, id=38472, stack(0x00000052c5e00000,0x00000052c5f00000) (1024K)]
  0x0000024da43dd1e0 JavaThread "Reference Handler"          daemon [_thread_blocked, id=72240, stack(0x00000052c6600000,0x00000052c6700000) (1024K)]
  0x0000024da43ddc30 JavaThread "Finalizer"                  daemon [_thread_blocked, id=68632, stack(0x00000052c6700000,0x00000052c6800000) (1024K)]
  0x0000024da43e7d90 JavaThread "Signal Dispatcher"          daemon [_thread_blocked, id=56788, stack(0x00000052c6800000,0x00000052c6900000) (1024K)]
  0x0000024da43eaa90 JavaThread "Attach Listener"            daemon [_thread_blocked, id=58848, stack(0x00000052c6900000,0x00000052c6a00000) (1024K)]
  0x0000024da43ef940 JavaThread "Service Thread"             daemon [_thread_blocked, id=70696, stack(0x00000052c6a00000,0x00000052c6b00000) (1024K)]
  0x0000024da43f0390 JavaThread "Monitor Deflation Thread"   daemon [_thread_blocked, id=8948, stack(0x00000052c6b00000,0x00000052c6c00000) (1024K)]
  0x0000024da44029e0 JavaThread "C2 CompilerThread0"         daemon [_thread_blocked, id=14400, stack(0x00000052c6c00000,0x00000052c6d00000) (1024K)]
  0x0000024da44074b0 JavaThread "C1 CompilerThread0"         daemon [_thread_blocked, id=53528, stack(0x00000052c6d00000,0x00000052c6e00000) (1024K)]
  0x0000024da455cfe0 JavaThread "JDWP Transport Listener: dt_socket" daemon [_thread_blocked, id=68280, stack(0x00000052c6e00000,0x00000052c6f00000) (1024K)]
  0x0000024da456a670 JavaThread "JDWP Event Helper Thread"   daemon [_thread_blocked, id=72700, stack(0x00000052c6f00000,0x00000052c7000000) (1024K)]
  0x0000024da456cd00 JavaThread "JDWP Command Reader"        daemon [_thread_in_native, id=71960, stack(0x00000052c7000000,0x00000052c7100000) (1024K)]
  0x0000024da4571dd0 JavaThread "Notification Thread"        daemon [_thread_blocked, id=69756, stack(0x00000052c7100000,0x00000052c7200000) (1024K)]
  0x0000024da457fd20 JavaThread "Common-Cleaner"             daemon [_thread_blocked, id=70128, stack(0x00000052c7200000,0x00000052c7300000) (1024K)]
Total: 14

Other Threads:
  0x0000024da3d64bc0 VMThread "VM Thread"                           [id=71768, stack(0x00000052c6500000,0x00000052c6600000) (1024K)]
  0x0000024da3d50930 WatcherThread "VM Periodic Task Thread"        [id=69592, stack(0x00000052c6400000,0x00000052c6500000) (1024K)]
  0x0000024d84f307e0 WorkerThread "GC Thread#0"                     [id=42056, stack(0x00000052c5f00000,0x00000052c6000000) (1024K)]
  0x0000024d84f5e4a0 ConcurrentGCThread "G1 Main Marker"            [id=4860, stack(0x00000052c6000000,0x00000052c6100000) (1024K)]
  0x0000024d84f5f740 WorkerThread "G1 Conc#0"                       [id=69312, stack(0x00000052c6100000,0x00000052c6200000) (1024K)]
  0x0000024da3c1b740 ConcurrentGCThread "G1 Refine#0"               [id=66696, stack(0x00000052c6200000,0x00000052c6300000) (1024K)]
  0x0000024da3c1ef80 ConcurrentGCThread "G1 Service"                [id=35716, stack(0x00000052c6300000,0x00000052c6400000) (1024K)]
Total: 7

Threads with active compile tasks:
Total: 0

VM state: not at safepoint (normal execution)

VM Mutex/Monitor currently owned by a thread: None

Heap address: 0x000000070ce00000, size: 3890 MB, Compressed Oops mode: Zero based, Oop shift amount: 3

CDS archive(s) mapped at: [0x0000024da5000000-0x0000024da5c80000-0x0000024da5c80000), size 13107200, SharedBaseAddress: 0x0000024da5000000, ArchiveRelocationMode: 1.
Compressed class space mapped at: 0x0000024da6000000-0x0000024de6000000, reserved size: 1073741824
Narrow klass base: 0x0000024da5000000, Narrow klass shift: 0, Narrow klass range: 0x100000000

GC Precious Log:
 CardTable entry size: 512
 Card Set container configuration: InlinePtr #cards 4 size 8 Array Of Cards #cards 16 size 48 Howl #buckets 8 coarsen threshold 3686 Howl Bitmap #cards 512 size 80 coarsen threshold 460 Card regions per heap region 1 cards per card region 4096
 CPUs: 12 total, 12 available
 Memory: 15557M
 Large Page Support: Disabled
 NUMA Support: Disabled
 Compressed Oops: Enabled (Zero based)
 Heap Region Size: 2M
 Heap Min Capacity: 8M
 Heap Initial Capacity: 244M
 Heap Max Capacity: 3890M
 Pre-touch: Disabled
 Parallel Workers: 10
 Concurrent Workers: 3
 Concurrent Refinement Workers: 10
 Periodic GC: Disabled

Heap:
 garbage-first heap   total 249856K, used 8192K [0x000000070ce00000, 0x0000000800000000)
  region size 2048K, 5 young (10240K), 0 survivors (0K)
 Metaspace       used 2266K, committed 2432K, reserved 1114112K
  class space    used 185K, committed 256K, reserved 1048576K

Heap Regions: E=young(eden), S=young(survivor), O=old, HS=humongous(starts), HC=humongous(continues), CS=collection set, F=free, TAMS=top-at-mark-start, PB=parsable bottom
|   0|0x000000070ce00000, 0x000000070ce00000, 0x000000070d000000|  0%| F|  |TAMS 0x000000070ce00000| PB 0x000000070ce00000| Untracked 
|   1|0x000000070d000000, 0x000000070d000000, 0x000000070d200000|  0%| F|  |TAMS 0x000000070d000000| PB 0x000000070d000000| Untracked 
|   2|0x000000070d200000, 0x000000070d200000, 0x000000070d400000|  0%| F|  |TAMS 0x000000070d200000| PB 0x000000070d200000| Untracked 
|   3|0x000000070d400000, 0x000000070d400000, 0x000000070d600000|  0%| F|  |TAMS 0x000000070d400000| PB 0x000000070d400000| Untracked 
|   4|0x000000070d600000, 0x000000070d600000, 0x000000070d800000|  0%| F|  |TAMS 0x000000070d600000| PB 0x000000070d600000| Untracked 
|   5|0x000000070d800000, 0x000000070d800000, 0x000000070da00000|  0%| F|  |TAMS 0x000000070d800000| PB 0x000000070d800000| Untracked 
|   6|0x000000070da00000, 0x000000070da00000, 0x000000070dc00000|  0%| F|  |TAMS 0x000000070da00000| PB 0x000000070da00000| Untracked 
|   7|0x000000070dc00000, 0x000000070dc00000, 0x000000070de00000|  0%| F|  |TAMS 0x000000070dc00000| PB 0x000000070dc00000| Untracked 
|   8|0x000000070de00000, 0x000000070de00000, 0x000000070e000000|  0%| F|  |TAMS 0x000000070de00000| PB 0x000000070de00000| Untracked 
|   9|0x000000070e000000, 0x000000070e000000, 0x000000070e200000|  0%| F|  |TAMS 0x000000070e000000| PB 0x000000070e000000| Untracked 
|  10|0x000000070e200000, 0x000000070e200000, 0x000000070e400000|  0%| F|  |TAMS 0x000000070e200000| PB 0x000000070e200000| Untracked 
|  11|0x000000070e400000, 0x000000070e400000, 0x000000070e600000|  0%| F|  |TAMS 0x000000070e400000| PB 0x000000070e400000| Untracked 
|  12|0x000000070e600000, 0x000000070e600000, 0x000000070e800000|  0%| F|  |TAMS 0x000000070e600000| PB 0x000000070e600000| Untracked 
|  13|0x000000070e800000, 0x000000070e800000, 0x000000070ea00000|  0%| F|  |TAMS 0x000000070e800000| PB 0x000000070e800000| Untracked 
|  14|0x000000070ea00000, 0x000000070ea00000, 0x000000070ec00000|  0%| F|  |TAMS 0x000000070ea00000| PB 0x000000070ea00000| Untracked 
|  15|0x000000070ec00000, 0x000000070ec00000, 0x000000070ee00000|  0%| F|  |TAMS 0x000000070ec00000| PB 0x000000070ec00000| Untracked 
|  16|0x000000070ee00000, 0x000000070ee00000, 0x000000070f000000|  0%| F|  |TAMS 0x000000070ee00000| PB 0x000000070ee00000| Untracked 
|  17|0x000000070f000000, 0x000000070f000000, 0x000000070f200000|  0%| F|  |TAMS 0x000000070f000000| PB 0x000000070f000000| Untracked 
|  18|0x000000070f200000, 0x000000070f200000, 0x000000070f400000|  0%| F|  |TAMS 0x000000070f200000| PB 0x000000070f200000| Untracked 
|  19|0x000000070f400000, 0x000000070f400000, 0x000000070f600000|  0%| F|  |TAMS 0x000000070f400000| PB 0x000000070f400000| Untracked 
|  20|0x000000070f600000, 0x000000070f600000, 0x000000070f800000|  0%| F|  |TAMS 0x000000070f600000| PB 0x000000070f600000| Untracked 
|  21|0x000000070f800000, 0x000000070f800000, 0x000000070fa00000|  0%| F|  |TAMS 0x000000070f800000| PB 0x000000070f800000| Untracked 
|  22|0x000000070fa00000, 0x000000070fa00000, 0x000000070fc00000|  0%| F|  |TAMS 0x000000070fa00000| PB 0x000000070fa00000| Untracked 
|  23|0x000000070fc00000, 0x000000070fc00000, 0x000000070fe00000|  0%| F|  |TAMS 0x000000070fc00000| PB 0x000000070fc00000| Untracked 
|  24|0x000000070fe00000, 0x000000070fe00000, 0x0000000710000000|  0%| F|  |TAMS 0x000000070fe00000| PB 0x000000070fe00000| Untracked 
|  25|0x0000000710000000, 0x0000000710000000, 0x0000000710200000|  0%| F|  |TAMS 0x0000000710000000| PB 0x0000000710000000| Untracked 
|  26|0x0000000710200000, 0x0000000710200000, 0x0000000710400000|  0%| F|  |TAMS 0x0000000710200000| PB 0x0000000710200000| Untracked 
|  27|0x0000000710400000, 0x0000000710400000, 0x0000000710600000|  0%| F|  |TAMS 0x0000000710400000| PB 0x0000000710400000| Untracked 
|  28|0x0000000710600000, 0x0000000710600000, 0x0000000710800000|  0%| F|  |TAMS 0x0000000710600000| PB 0x0000000710600000| Untracked 
|  29|0x0000000710800000, 0x0000000710800000, 0x0000000710a00000|  0%| F|  |TAMS 0x0000000710800000| PB 0x0000000710800000| Untracked 
|  30|0x0000000710a00000, 0x0000000710a00000, 0x0000000710c00000|  0%| F|  |TAMS 0x0000000710a00000| PB 0x0000000710a00000| Untracked 
|  31|0x0000000710c00000, 0x0000000710c00000, 0x0000000710e00000|  0%| F|  |TAMS 0x0000000710c00000| PB 0x0000000710c00000| Untracked 
|  32|0x0000000710e00000, 0x0000000710e00000, 0x0000000711000000|  0%| F|  |TAMS 0x0000000710e00000| PB 0x0000000710e00000| Untracked 
|  33|0x0000000711000000, 0x0000000711000000, 0x0000000711200000|  0%| F|  |TAMS 0x0000000711000000| PB 0x0000000711000000| Untracked 
|  34|0x0000000711200000, 0x0000000711200000, 0x0000000711400000|  0%| F|  |TAMS 0x0000000711200000| PB 0x0000000711200000| Untracked 
|  35|0x0000000711400000, 0x0000000711400000, 0x0000000711600000|  0%| F|  |TAMS 0x0000000711400000| PB 0x0000000711400000| Untracked 
|  36|0x0000000711600000, 0x0000000711600000, 0x0000000711800000|  0%| F|  |TAMS 0x0000000711600000| PB 0x0000000711600000| Untracked 
|  37|0x0000000711800000, 0x0000000711800000, 0x0000000711a00000|  0%| F|  |TAMS 0x0000000711800000| PB 0x0000000711800000| Untracked 
|  38|0x0000000711a00000, 0x0000000711a00000, 0x0000000711c00000|  0%| F|  |TAMS 0x0000000711a00000| PB 0x0000000711a00000| Untracked 
|  39|0x0000000711c00000, 0x0000000711c00000, 0x0000000711e00000|  0%| F|  |TAMS 0x0000000711c00000| PB 0x0000000711c00000| Untracked 
|  40|0x0000000711e00000, 0x0000000711e00000, 0x0000000712000000|  0%| F|  |TAMS 0x0000000711e00000| PB 0x0000000711e00000| Untracked 
|  41|0x0000000712000000, 0x0000000712000000, 0x0000000712200000|  0%| F|  |TAMS 0x0000000712000000| PB 0x0000000712000000| Untracked 
|  42|0x0000000712200000, 0x0000000712200000, 0x0000000712400000|  0%| F|  |TAMS 0x0000000712200000| PB 0x0000000712200000| Untracked 
|  43|0x0000000712400000, 0x0000000712400000, 0x0000000712600000|  0%| F|  |TAMS 0x0000000712400000| PB 0x0000000712400000| Untracked 
|  44|0x0000000712600000, 0x0000000712600000, 0x0000000712800000|  0%| F|  |TAMS 0x0000000712600000| PB 0x0000000712600000| Untracked 
|  45|0x0000000712800000, 0x0000000712800000, 0x0000000712a00000|  0%| F|  |TAMS 0x0000000712800000| PB 0x0000000712800000| Untracked 
|  46|0x0000000712a00000, 0x0000000712a00000, 0x0000000712c00000|  0%| F|  |TAMS 0x0000000712a00000| PB 0x0000000712a00000| Untracked 
|  47|0x0000000712c00000, 0x0000000712c00000, 0x0000000712e00000|  0%| F|  |TAMS 0x0000000712c00000| PB 0x0000000712c00000| Untracked 
|  48|0x0000000712e00000, 0x0000000712e00000, 0x0000000713000000|  0%| F|  |TAMS 0x0000000712e00000| PB 0x0000000712e00000| Untracked 
|  49|0x0000000713000000, 0x0000000713000000, 0x0000000713200000|  0%| F|  |TAMS 0x0000000713000000| PB 0x0000000713000000| Untracked 
|  50|0x0000000713200000, 0x0000000713200000, 0x0000000713400000|  0%| F|  |TAMS 0x0000000713200000| PB 0x0000000713200000| Untracked 
|  51|0x0000000713400000, 0x0000000713400000, 0x0000000713600000|  0%| F|  |TAMS 0x0000000713400000| PB 0x0000000713400000| Untracked 
|  52|0x0000000713600000, 0x0000000713600000, 0x0000000713800000|  0%| F|  |TAMS 0x0000000713600000| PB 0x0000000713600000| Untracked 
|  53|0x0000000713800000, 0x0000000713800000, 0x0000000713a00000|  0%| F|  |TAMS 0x0000000713800000| PB 0x0000000713800000| Untracked 
|  54|0x0000000713a00000, 0x0000000713a00000, 0x0000000713c00000|  0%| F|  |TAMS 0x0000000713a00000| PB 0x0000000713a00000| Untracked 
|  55|0x0000000713c00000, 0x0000000713c00000, 0x0000000713e00000|  0%| F|  |TAMS 0x0000000713c00000| PB 0x0000000713c00000| Untracked 
|  56|0x0000000713e00000, 0x0000000713e00000, 0x0000000714000000|  0%| F|  |TAMS 0x0000000713e00000| PB 0x0000000713e00000| Untracked 
|  57|0x0000000714000000, 0x0000000714000000, 0x0000000714200000|  0%| F|  |TAMS 0x0000000714000000| PB 0x0000000714000000| Untracked 
|  58|0x0000000714200000, 0x0000000714200000, 0x0000000714400000|  0%| F|  |TAMS 0x0000000714200000| PB 0x0000000714200000| Untracked 
|  59|0x0000000714400000, 0x0000000714400000, 0x0000000714600000|  0%| F|  |TAMS 0x0000000714400000| PB 0x0000000714400000| Untracked 
|  60|0x0000000714600000, 0x0000000714600000, 0x0000000714800000|  0%| F|  |TAMS 0x0000000714600000| PB 0x0000000714600000| Untracked 
|  61|0x0000000714800000, 0x0000000714800000, 0x0000000714a00000|  0%| F|  |TAMS 0x0000000714800000| PB 0x0000000714800000| Untracked 
|  62|0x0000000714a00000, 0x0000000714a00000, 0x0000000714c00000|  0%| F|  |TAMS 0x0000000714a00000| PB 0x0000000714a00000| Untracked 
|  63|0x0000000714c00000, 0x0000000714c00000, 0x0000000714e00000|  0%| F|  |TAMS 0x0000000714c00000| PB 0x0000000714c00000| Untracked 
|  64|0x0000000714e00000, 0x0000000714e00000, 0x0000000715000000|  0%| F|  |TAMS 0x0000000714e00000| PB 0x0000000714e00000| Untracked 
|  65|0x0000000715000000, 0x0000000715000000, 0x0000000715200000|  0%| F|  |TAMS 0x0000000715000000| PB 0x0000000715000000| Untracked 
|  66|0x0000000715200000, 0x0000000715200000, 0x0000000715400000|  0%| F|  |TAMS 0x0000000715200000| PB 0x0000000715200000| Untracked 
|  67|0x0000000715400000, 0x0000000715400000, 0x0000000715600000|  0%| F|  |TAMS 0x0000000715400000| PB 0x0000000715400000| Untracked 
|  68|0x0000000715600000, 0x0000000715600000, 0x0000000715800000|  0%| F|  |TAMS 0x0000000715600000| PB 0x0000000715600000| Untracked 
|  69|0x0000000715800000, 0x0000000715800000, 0x0000000715a00000|  0%| F|  |TAMS 0x0000000715800000| PB 0x0000000715800000| Untracked 
|  70|0x0000000715a00000, 0x0000000715a00000, 0x0000000715c00000|  0%| F|  |TAMS 0x0000000715a00000| PB 0x0000000715a00000| Untracked 
|  71|0x0000000715c00000, 0x0000000715c00000, 0x0000000715e00000|  0%| F|  |TAMS 0x0000000715c00000| PB 0x0000000715c00000| Untracked 
|  72|0x0000000715e00000, 0x0000000715e00000, 0x0000000716000000|  0%| F|  |TAMS 0x0000000715e00000| PB 0x0000000715e00000| Untracked 
|  73|0x0000000716000000, 0x0000000716000000, 0x0000000716200000|  0%| F|  |TAMS 0x0000000716000000| PB 0x0000000716000000| Untracked 
|  74|0x0000000716200000, 0x0000000716200000, 0x0000000716400000|  0%| F|  |TAMS 0x0000000716200000| PB 0x0000000716200000| Untracked 
|  75|0x0000000716400000, 0x0000000716400000, 0x0000000716600000|  0%| F|  |TAMS 0x0000000716400000| PB 0x0000000716400000| Untracked 
|  76|0x0000000716600000, 0x0000000716600000, 0x0000000716800000|  0%| F|  |TAMS 0x0000000716600000| PB 0x0000000716600000| Untracked 
|  77|0x0000000716800000, 0x0000000716800000, 0x0000000716a00000|  0%| F|  |TAMS 0x0000000716800000| PB 0x0000000716800000| Untracked 
|  78|0x0000000716a00000, 0x0000000716a00000, 0x0000000716c00000|  0%| F|  |TAMS 0x0000000716a00000| PB 0x0000000716a00000| Untracked 
|  79|0x0000000716c00000, 0x0000000716c00000, 0x0000000716e00000|  0%| F|  |TAMS 0x0000000716c00000| PB 0x0000000716c00000| Untracked 
|  80|0x0000000716e00000, 0x0000000716e00000, 0x0000000717000000|  0%| F|  |TAMS 0x0000000716e00000| PB 0x0000000716e00000| Untracked 
|  81|0x0000000717000000, 0x0000000717000000, 0x0000000717200000|  0%| F|  |TAMS 0x0000000717000000| PB 0x0000000717000000| Untracked 
|  82|0x0000000717200000, 0x0000000717200000, 0x0000000717400000|  0%| F|  |TAMS 0x0000000717200000| PB 0x0000000717200000| Untracked 
|  83|0x0000000717400000, 0x0000000717400000, 0x0000000717600000|  0%| F|  |TAMS 0x0000000717400000| PB 0x0000000717400000| Untracked 
|  84|0x0000000717600000, 0x0000000717600000, 0x0000000717800000|  0%| F|  |TAMS 0x0000000717600000| PB 0x0000000717600000| Untracked 
|  85|0x0000000717800000, 0x0000000717800000, 0x0000000717a00000|  0%| F|  |TAMS 0x0000000717800000| PB 0x0000000717800000| Untracked 
|  86|0x0000000717a00000, 0x0000000717a00000, 0x0000000717c00000|  0%| F|  |TAMS 0x0000000717a00000| PB 0x0000000717a00000| Untracked 
|  87|0x0000000717c00000, 0x0000000717c00000, 0x0000000717e00000|  0%| F|  |TAMS 0x0000000717c00000| PB 0x0000000717c00000| Untracked 
|  88|0x0000000717e00000, 0x0000000717e00000, 0x0000000718000000|  0%| F|  |TAMS 0x0000000717e00000| PB 0x0000000717e00000| Untracked 
|  89|0x0000000718000000, 0x0000000718000000, 0x0000000718200000|  0%| F|  |TAMS 0x0000000718000000| PB 0x0000000718000000| Untracked 
|  90|0x0000000718200000, 0x0000000718200000, 0x0000000718400000|  0%| F|  |TAMS 0x0000000718200000| PB 0x0000000718200000| Untracked 
|  91|0x0000000718400000, 0x0000000718400000, 0x0000000718600000|  0%| F|  |TAMS 0x0000000718400000| PB 0x0000000718400000| Untracked 
|  92|0x0000000718600000, 0x0000000718600000, 0x0000000718800000|  0%| F|  |TAMS 0x0000000718600000| PB 0x0000000718600000| Untracked 
|  93|0x0000000718800000, 0x0000000718800000, 0x0000000718a00000|  0%| F|  |TAMS 0x0000000718800000| PB 0x0000000718800000| Untracked 
|  94|0x0000000718a00000, 0x0000000718a00000, 0x0000000718c00000|  0%| F|  |TAMS 0x0000000718a00000| PB 0x0000000718a00000| Untracked 
|  95|0x0000000718c00000, 0x0000000718c00000, 0x0000000718e00000|  0%| F|  |TAMS 0x0000000718c00000| PB 0x0000000718c00000| Untracked 
|  96|0x0000000718e00000, 0x0000000718e00000, 0x0000000719000000|  0%| F|  |TAMS 0x0000000718e00000| PB 0x0000000718e00000| Untracked 
|  97|0x0000000719000000, 0x0000000719000000, 0x0000000719200000|  0%| F|  |TAMS 0x0000000719000000| PB 0x0000000719000000| Untracked 
|  98|0x0000000719200000, 0x0000000719200000, 0x0000000719400000|  0%| F|  |TAMS 0x0000000719200000| PB 0x0000000719200000| Untracked 
|  99|0x0000000719400000, 0x0000000719400000, 0x0000000719600000|  0%| F|  |TAMS 0x0000000719400000| PB 0x0000000719400000| Untracked 
| 100|0x0000000719600000, 0x0000000719600000, 0x0000000719800000|  0%| F|  |TAMS 0x0000000719600000| PB 0x0000000719600000| Untracked 
| 101|0x0000000719800000, 0x0000000719800000, 0x0000000719a00000|  0%| F|  |TAMS 0x0000000719800000| PB 0x0000000719800000| Untracked 
| 102|0x0000000719a00000, 0x0000000719a00000, 0x0000000719c00000|  0%| F|  |TAMS 0x0000000719a00000| PB 0x0000000719a00000| Untracked 
| 103|0x0000000719c00000, 0x0000000719c00000, 0x0000000719e00000|  0%| F|  |TAMS 0x0000000719c00000| PB 0x0000000719c00000| Untracked 
| 104|0x0000000719e00000, 0x0000000719e00000, 0x000000071a000000|  0%| F|  |TAMS 0x0000000719e00000| PB 0x0000000719e00000| Untracked 
| 105|0x000000071a000000, 0x000000071a000000, 0x000000071a200000|  0%| F|  |TAMS 0x000000071a000000| PB 0x000000071a000000| Untracked 
| 106|0x000000071a200000, 0x000000071a200000, 0x000000071a400000|  0%| F|  |TAMS 0x000000071a200000| PB 0x000000071a200000| Untracked 
| 107|0x000000071a400000, 0x000000071a400000, 0x000000071a600000|  0%| F|  |TAMS 0x000000071a400000| PB 0x000000071a400000| Untracked 
| 108|0x000000071a600000, 0x000000071a600000, 0x000000071a800000|  0%| F|  |TAMS 0x000000071a600000| PB 0x000000071a600000| Untracked 
| 109|0x000000071a800000, 0x000000071a800000, 0x000000071aa00000|  0%| F|  |TAMS 0x000000071a800000| PB 0x000000071a800000| Untracked 
| 110|0x000000071aa00000, 0x000000071aa00000, 0x000000071ac00000|  0%| F|  |TAMS 0x000000071aa00000| PB 0x000000071aa00000| Untracked 
| 111|0x000000071ac00000, 0x000000071ac00000, 0x000000071ae00000|  0%| F|  |TAMS 0x000000071ac00000| PB 0x000000071ac00000| Untracked 
| 112|0x000000071ae00000, 0x000000071ae00000, 0x000000071b000000|  0%| F|  |TAMS 0x000000071ae00000| PB 0x000000071ae00000| Untracked 
| 113|0x000000071b000000, 0x000000071b000000, 0x000000071b200000|  0%| F|  |TAMS 0x000000071b000000| PB 0x000000071b000000| Untracked 
| 114|0x000000071b200000, 0x000000071b200000, 0x000000071b400000|  0%| F|  |TAMS 0x000000071b200000| PB 0x000000071b200000| Untracked 
| 115|0x000000071b400000, 0x000000071b400000, 0x000000071b600000|  0%| F|  |TAMS 0x000000071b400000| PB 0x000000071b400000| Untracked 
| 116|0x000000071b600000, 0x000000071b600000, 0x000000071b800000|  0%| F|  |TAMS 0x000000071b600000| PB 0x000000071b600000| Untracked 
| 117|0x000000071b800000, 0x000000071b8e1500, 0x000000071ba00000| 44%| E|  |TAMS 0x000000071b800000| PB 0x000000071b800000| Complete 
| 118|0x000000071ba00000, 0x000000071bc00000, 0x000000071bc00000|100%| E|CS|TAMS 0x000000071ba00000| PB 0x000000071ba00000| Complete 
| 119|0x000000071bc00000, 0x000000071be00000, 0x000000071be00000|100%| E|CS|TAMS 0x000000071bc00000| PB 0x000000071bc00000| Complete 
| 120|0x000000071be00000, 0x000000071c000000, 0x000000071c000000|100%| E|CS|TAMS 0x000000071be00000| PB 0x000000071be00000| Complete 
| 121|0x000000071c000000, 0x000000071c200000, 0x000000071c200000|100%| E|CS|TAMS 0x000000071c000000| PB 0x000000071c000000| Complete 

Card table byte_map: [0x0000024d9d2c0000,0x0000024d9da60000] _byte_map_base: 0x0000024d99a59000

Marking Bits: (CMBitMap*) 0x0000024d84f316f0
 Bits: [0x0000024d9da60000, 0x0000024da1728000)

Polling page: 0x0000024d82d00000

Metaspace:

Usage:
  Non-class:      2.03 MB used.
      Class:    185.30 KB used.
       Both:      2.21 MB used.

Virtual space:
  Non-class space:       64.00 MB reserved,       2.12 MB (  3%) committed,  1 nodes.
      Class space:        1.00 GB reserved,     256.00 KB ( <1%) committed,  1 nodes.
             Both:        1.06 GB reserved,       2.38 MB ( <1%) committed. 

Chunk freelists:
   Non-Class:  11.14 MB
       Class:  15.63 MB
        Both:  26.77 MB

MaxMetaspaceSize: unlimited
CompressedClassSpaceSize: 1.00 GB
Initial GC threshold: 21.00 MB
Current GC threshold: 21.00 MB
CDS: on
 - commit_granule_bytes: 65536.
 - commit_granule_words: 8192.
 - virtual_space_node_default_size: 8388608.
 - enlarge_chunks_in_place: 1.
 - use_allocation_guard: 0.


Internal statistics:

num_allocs_failed_limit: 0.
num_arena_births: 64.
num_arena_deaths: 0.
num_vsnodes_births: 2.
num_vsnodes_deaths: 0.
num_space_committed: 38.
num_space_uncommitted: 0.
num_chunks_returned_to_freelist: 0.
num_chunks_taken_from_freelist: 119.
num_chunk_merges: 0.
num_chunk_splits: 74.
num_chunks_enlarged: 49.
num_inconsistent_stats: 0.

CodeHeap 'non-profiled nmethods': size=120000Kb used=209Kb max_used=209Kb free=119790Kb
 bounds [0x0000024d95090000, 0x0000024d95300000, 0x0000024d9c5c0000]
CodeHeap 'profiled nmethods': size=120000Kb used=919Kb max_used=919Kb free=119080Kb
 bounds [0x0000024d8d5c0000, 0x0000024d8d830000, 0x0000024d94af0000]
CodeHeap 'non-nmethods': size=5760Kb used=1397Kb max_used=1414Kb free=4362Kb
 bounds [0x0000024d94af0000, 0x0000024d94d60000, 0x0000024d95090000]
CodeCache: size=245760Kb, used=2525Kb, max_used=2542Kb, free=243232Kb
 total_blobs=1034, nmethods=591, adapters=348, full_count=0
Compilation: enabled, stopped_count=0, restarted_count=0

Compilation events (20 events):
Event: 0.337 Thread 0x0000024da44074b0  582       3       jdk.internal.loader.URLClassPath::getResource (74 bytes)
Event: 0.338 Thread 0x0000024da44074b0 nmethod 582 0x0000024d8d6a2890 code [0x0000024d8d6a2a60, 0x0000024d8d6a2dc8]
Event: 0.338 Thread 0x0000024da44029e0 nmethod 564 0x0000024d950c2090 code [0x0000024d950c2220, 0x0000024d950c2380]
Event: 0.338 Thread 0x0000024da44029e0  571   !   4       java.util.zip.ZipFile::getEntry (59 bytes)
Event: 0.338 Thread 0x0000024da44074b0  583       3       java.util.jar.Attributes::getValue (9 bytes)
Event: 0.339 Thread 0x0000024da44074b0 nmethod 583 0x0000024d8d6a2f10 code [0x0000024d8d6a30e0, 0x0000024d8d6a3420]
Event: 0.339 Thread 0x0000024da44074b0  584       3       java.util.jar.Attributes::get (11 bytes)
Event: 0.339 Thread 0x0000024da44074b0 nmethod 584 0x0000024d8d6a3510 code [0x0000024d8d6a36c0, 0x0000024d8d6a38b0]
Event: 0.340 Thread 0x0000024da44074b0  585       3       jdk.internal.module.SystemModuleFinders$SystemImage::reader (4 bytes)
Event: 0.340 Thread 0x0000024da44074b0 nmethod 585 0x0000024d8d6a3990 code [0x0000024d8d6a3b20, 0x0000024d8d6a3c18]
Event: 0.340 Thread 0x0000024da44074b0  586       3       jdk.internal.jimage.ImageReader::verifyLocation (14 bytes)
Event: 0.341 Thread 0x0000024da44074b0 nmethod 586 0x0000024d8d6a3c90 code [0x0000024d8d6a3e60, 0x0000024d8d6a41d0]
Event: 0.341 Thread 0x0000024da44074b0  587       3       jdk.internal.jimage.ImageReader::requireOpen (18 bytes)
Event: 0.341 Thread 0x0000024da44074b0 nmethod 587 0x0000024d8d6a4390 code [0x0000024d8d6a4560, 0x0000024d8d6a4798]
Event: 0.341 Thread 0x0000024da44074b0  588       3       jdk.internal.jimage.BasicImageReader::verifyLocation (39 bytes)
Event: 0.341 Thread 0x0000024da44074b0 nmethod 588 0x0000024d8d6a4890 code [0x0000024d8d6a4a60, 0x0000024d8d6a4d50]
Event: 0.341 Thread 0x0000024da44074b0  589       3       jdk.internal.jimage.BasicImageReader::getLocationIndex (52 bytes)
Event: 0.341 Thread 0x0000024da44074b0 nmethod 589 0x0000024d8d6a4e90 code [0x0000024d8d6a50a0, 0x0000024d8d6a5548]
Event: 0.341 Thread 0x0000024da44074b0  591       3       jdk.internal.loader.URLClassPath$JarLoader::findResource (18 bytes)
Event: 0.341 Thread 0x0000024da44074b0 nmethod 591 0x0000024d8d6a5810 code [0x0000024d8d6a59e0, 0x0000024d8d6a5c88]

GC Heap History (0 events):
No events

Dll operation events (9 events):
Event: 0.010 Loaded shared library C:\Users\ACER\.jdks\ms-21.0.8\bin\java.dll
Event: 0.039 Loaded shared library C:\Users\ACER\.jdks\ms-21.0.8\bin\jsvml.dll
Event: 0.187 Loaded shared library C:\Users\ACER\.jdks\ms-21.0.8\bin\net.dll
Event: 0.188 Loaded shared library C:\Users\ACER\.jdks\ms-21.0.8\bin\nio.dll
Event: 0.191 Loaded shared library C:\Users\ACER\.jdks\ms-21.0.8\bin\zip.dll
Event: 0.235 Loaded shared library C:\Users\ACER\.jdks\ms-21.0.8\bin\verify.dll
Event: 0.240 Loaded shared library C:\Users\ACER\.jdks\ms-21.0.8\bin\jimage.dll
Event: 0.275 Loaded shared library C:\Users\ACER\AppData\Local\Temp\libgdxACER\e787ab0a\gdx64.dll
Event: 0.317 Loaded shared library C:\Users\ACER\AppData\Local\Temp\lwjglACER\3.3.1-build-7\lwjgl.dll

Deoptimization events (18 events):
Event: 0.180 Thread 0x0000024d82c01600 Uncommon trap: trap_request=0xffffff45 fr.pc=0x0000024d9509217c relative=0x00000000000000dc
Event: 0.180 Thread 0x0000024d82c01600 Uncommon trap: reason=unstable_if action=reinterpret pc=0x0000024d9509217c method=java.lang.String.isLatin1()Z @ 10 c2
Event: 0.180 Thread 0x0000024d82c01600 DEOPT PACKING pc=0x0000024d9509217c sp=0x00000052c5efee40
Event: 0.180 Thread 0x0000024d82c01600 DEOPT UNPACKING pc=0x0000024d94b446a2 sp=0x00000052c5efed90 mode 2
Event: 0.195 Thread 0x0000024d82c01600 DEOPT PACKING pc=0x0000024d8d5d964f sp=0x00000052c5efa130
Event: 0.195 Thread 0x0000024d82c01600 DEOPT UNPACKING pc=0x0000024d94b44e42 sp=0x00000052c5ef9550 mode 0
Event: 0.197 Thread 0x0000024d82c01600 DEOPT PACKING pc=0x0000024d8d5c8c48 sp=0x00000052c5efa510
Event: 0.197 Thread 0x0000024d82c01600 DEOPT UNPACKING pc=0x0000024d94b44e42 sp=0x00000052c5ef9978 mode 0
Event: 0.272 Thread 0x0000024d82c01600 Uncommon trap: trap_request=0xffffff45 fr.pc=0x0000024d9509de14 relative=0x0000000000000074
Event: 0.272 Thread 0x0000024d82c01600 Uncommon trap: reason=unstable_if action=reinterpret pc=0x0000024d9509de14 method=java.io.WinNTFileSystem.isSlash(C)Z @ 9 c2
Event: 0.272 Thread 0x0000024d82c01600 DEOPT PACKING pc=0x0000024d9509de14 sp=0x00000052c5efe8b0
Event: 0.272 Thread 0x0000024d82c01600 DEOPT UNPACKING pc=0x0000024d94b446a2 sp=0x00000052c5efe848 mode 2
Event: 0.315 Thread 0x0000024d82c01600 Uncommon trap: trap_request=0xffffff45 fr.pc=0x0000024d9509f570 relative=0x0000000000000050
Event: 0.315 Thread 0x0000024d82c01600 Uncommon trap: reason=unstable_if action=reinterpret pc=0x0000024d9509f570 method=sun.nio.fs.WindowsPathParser.isSlash(C)Z @ 9 c2
Event: 0.315 Thread 0x0000024d82c01600 DEOPT PACKING pc=0x0000024d9509f570 sp=0x00000052c5efbca0
Event: 0.315 Thread 0x0000024d82c01600 DEOPT UNPACKING pc=0x0000024d94b446a2 sp=0x00000052c5efbc38 mode 2
Event: 0.333 Thread 0x0000024d82c01600 DEOPT PACKING pc=0x0000024d8d5ecd51 sp=0x00000052c5efc6b0
Event: 0.333 Thread 0x0000024d82c01600 DEOPT UNPACKING pc=0x0000024d94b44e42 sp=0x00000052c5efbb10 mode 0

Classes loaded (20 events):
Event: 0.318 Loading class java/nio/DirectShortBufferU
Event: 0.318 Loading class java/nio/DirectShortBufferU done
Event: 0.318 Loading class java/nio/DirectCharBufferU
Event: 0.319 Loading class java/nio/DirectCharBufferU done
Event: 0.319 Loading class java/nio/DirectFloatBufferU
Event: 0.319 Loading class java/nio/DirectFloatBufferU done
Event: 0.319 Loading class java/nio/DirectDoubleBufferU
Event: 0.319 Loading class java/nio/DirectDoubleBufferU done
Event: 0.319 Loading class sun/misc/Unsafe
Event: 0.319 Loading class sun/misc/Unsafe done
Event: 0.319 Loading class java/lang/invoke/DirectMethodHandle$StaticAccessor
Event: 0.320 Loading class java/lang/invoke/DirectMethodHandle$StaticAccessor done
Event: 0.322 Loading class java/util/function/LongPredicate
Event: 0.322 Loading class java/util/function/LongPredicate done
Event: 0.323 Loading class java/lang/foreign/MemorySegment
Event: 0.323 Loading class java/lang/foreign/MemorySegment done
Event: 0.327 Loading class java/nio/InvalidMarkException
Event: 0.327 Loading class java/nio/InvalidMarkException done
Event: 0.327 Loading class java/nio/BufferUnderflowException
Event: 0.327 Loading class java/nio/BufferUnderflowException done

Classes unloaded (0 events):
No events

Classes redefined (0 events):
No events

Internal exceptions (17 events):
Event: 0.294 Thread 0x0000024d82c01600 Exception <a 'java/lang/NoSuchMethodError'{0x000000071baea130}: 'void java.lang.invoke.DirectMethodHandle$Holder.invokeStatic(java.lang.Object, java.lang.Object)'> (0x000000071baea130) 
thrown [s\src\hotspot\share\interpreter\linkResolver.cpp, line 773]
Event: 0.294 Thread 0x0000024d82c01600 Exception <a 'java/lang/NoSuchMethodError'{0x000000071baef488}: 'void java.lang.System.load(java.lang.String, java.lang.Class)'> (0x000000071baef488) 
thrown [s\src\hotspot\share\interpreter\linkResolver.cpp, line 773]
Event: 0.294 Thread 0x0000024d82c01600 Exception <a 'java/lang/NoSuchMethodError'{0x000000071baf0158}: 'void java.lang.invoke.DirectMethodHandle$Holder.invokeSpecial(java.lang.Object, java.lang.Object, java.lang.Object)'> (0x000000071baf0158) 
thrown [s\src\hotspot\share\interpreter\linkResolver.cpp, line 773]
Event: 0.296 Thread 0x0000024d82c01600 Exception <a 'java/lang/NoSuchMethodError'{0x000000071bb00eb0}: 'java.lang.Object java.lang.invoke.DirectMethodHandle$Holder.invokeStatic(java.lang.Object, java.lang.Object, int)'> (0x000000071bb00eb0) 
thrown [s\src\hotspot\share\interpreter\linkResolver.cpp, line 773]
Event: 0.297 Thread 0x0000024d82c01600 Exception <a 'java/lang/NoSuchMethodError'{0x000000071bb0c8b8}: 'void java.lang.invoke.DelegatingMethodHandle$Holder.delegate(java.lang.Object, java.lang.Object, int, java.lang.Object)'> (0x000000071bb0c8b8) 
thrown [s\src\hotspot\share\interpreter\linkResolver.cpp, line 773]
Event: 0.297 Thread 0x0000024d82c01600 Exception <a 'java/lang/NoSuchMethodError'{0x000000071bb108e0}: 'int java.lang.invoke.DirectMethodHandle$Holder.invokeSpecial(java.lang.Object, java.lang.Object, java.lang.Object)'> (0x000000071bb108e0) 
thrown [s\src\hotspot\share\interpreter\linkResolver.cpp, line 773]
Event: 0.300 Thread 0x0000024d82c01600 Exception <a 'java/lang/NoSuchMethodError'{0x000000071bb2af58}: 'void java.lang.System.loadLibrary(java.lang.String, java.lang.Class)'> (0x000000071bb2af58) 
thrown [s\src\hotspot\share\interpreter\linkResolver.cpp, line 773]
Event: 0.315 Thread 0x0000024d82c01600 Exception <a 'sun/nio/fs/WindowsException'{0x000000071bb82860}> (0x000000071bb82860) 
thrown [s\src\hotspot\share\prims\jni.cpp, line 520]
Event: 0.315 Thread 0x0000024d82c01600 Exception <a 'sun/nio/fs/WindowsException'{0x000000071bb82da8}> (0x000000071bb82da8) 
thrown [s\src\hotspot\share\prims\jni.cpp, line 520]
Event: 0.322 Thread 0x0000024d82c01600 Exception <a 'java/lang/NoSuchMethodError'{0x000000071bbb8968}: 'int java.lang.invoke.DirectMethodHandle$Holder.invokeStaticInit(java.lang.Object, java.lang.Object, int, long)'> (0x000000071bbb8968) 
thrown [s\src\hotspot\share\interpreter\linkResolver.cpp, line 773]
Event: 0.323 Thread 0x0000024d82c01600 Exception <a 'java/lang/NoSuchMethodError'{0x000000071bbbda90}: 'java.lang.Object java.lang.invoke.DirectMethodHandle$Holder.newInvokeSpecial(java.lang.Object, java.lang.Object, int)'> (0x000000071bbbda90) 
thrown [s\src\hotspot\share\interpreter\linkResolver.cpp, line 773]
Event: 0.324 Thread 0x0000024d82c01600 Exception <a 'java/lang/NoSuchMethodError'{0x000000071bbcf330}: 'int java.lang.invoke.DirectMethodHandle$Holder.invokeStaticInit(java.lang.Object, java.lang.Object, long, long)'> (0x000000071bbcf330) 
thrown [s\src\hotspot\share\interpreter\linkResolver.cpp, line 773]
Event: 0.325 Thread 0x0000024d82c01600 Exception <a 'java/lang/NoSuchMethodError'{0x000000071bbd4dd8}: 'java.lang.Object java.lang.invoke.DirectMethodHandle$Holder.newInvokeSpecial(java.lang.Object, java.lang.Object, long)'> (0x000000071bbd4dd8) 
thrown [s\src\hotspot\share\interpreter\linkResolver.cpp, line 773]
Event: 0.325 Thread 0x0000024d82c01600 Exception <a 'java/lang/NoSuchMethodError'{0x000000071bbd8c90}: 'java.lang.Object java.lang.invoke.Invokers$Holder.linkToTargetMethod(java.lang.Object, long, java.lang.Object)'> (0x000000071bbd8c90) 
thrown [s\src\hotspot\share\interpreter\linkResolver.cpp, line 773]
Event: 0.326 Thread 0x0000024d82c01600 Exception <a 'java/lang/NoSuchMethodError'{0x000000071bbdff10}: 'int java.lang.invoke.DirectMethodHandle$Holder.invokeStaticInit(java.lang.Object, java.lang.Object, java.lang.Object, long)'> (0x000000071bbdff10) 
thrown [s\src\hotspot\share\interpreter\linkResolver.cpp, line 773]
Event: 0.337 Thread 0x0000024d82c01600 Exception <a 'sun/nio/fs/WindowsException'{0x000000071b868600}> (0x000000071b868600) 
thrown [s\src\hotspot\share\prims\jni.cpp, line 520]
Event: 0.337 Thread 0x0000024d82c01600 Exception <a 'sun/nio/fs/WindowsException'{0x000000071b868990}> (0x000000071b868990) 
thrown [s\src\hotspot\share\prims\jni.cpp, line 520]

ZGC Phase Switch (0 events):
No events

VM Operations (6 events):
Event: 0.199 Executing VM operation: HandshakeAllThreads (Deoptimize)
Event: 0.199 Executing VM operation: HandshakeAllThreads (Deoptimize) done
Event: 0.272 Executing VM operation: HandshakeAllThreads (Deoptimize)
Event: 0.272 Executing VM operation: HandshakeAllThreads (Deoptimize) done
Event: 0.296 Executing VM operation: HandshakeAllThreads (Deoptimize)
Event: 0.296 Executing VM operation: HandshakeAllThreads (Deoptimize) done

Memory protections (0 events):
No events

Nmethod flushes (0 events):
No events

Events (14 events):
Event: 0.023 Thread 0x0000024d82c01600 Thread added: 0x0000024d82c01600
Event: 0.037 Thread 0x0000024d82c01600 Thread added: 0x0000024da43dd1e0
Event: 0.037 Thread 0x0000024d82c01600 Thread added: 0x0000024da43ddc30
Event: 0.037 Thread 0x0000024d82c01600 Thread added: 0x0000024da43e7d90
Event: 0.037 Thread 0x0000024d82c01600 Thread added: 0x0000024da43eaa90
Event: 0.037 Thread 0x0000024d82c01600 Thread added: 0x0000024da43ef940
Event: 0.037 Thread 0x0000024d82c01600 Thread added: 0x0000024da43f0390
Event: 0.037 Thread 0x0000024d82c01600 Thread added: 0x0000024da44029e0
Event: 0.037 Thread 0x0000024d82c01600 Thread added: 0x0000024da44074b0
Event: 0.093 Thread 0x0000024d82c01600 Thread added: 0x0000024da455cfe0
Event: 0.093 Thread 0x0000024d82c01600 Thread added: 0x0000024da456a670
Event: 0.093 Thread 0x0000024da455cfe0 Thread added: 0x0000024da456cd00
Event: 0.179 Thread 0x0000024d82c01600 Thread added: 0x0000024da4571dd0
Event: 0.182 Thread 0x0000024d82c01600 Thread added: 0x0000024da457fd20


Dynamic libraries:
0x00007ff6ba700000 - 0x00007ff6ba70e000 	C:\Users\ACER\.jdks\ms-21.0.8\bin\java.exe
0x00007ffc0d020000 - 0x00007ffc0d287000 	C:\WINDOWS\SYSTEM32\ntdll.dll
0x00007ffc0ce60000 - 0x00007ffc0cf29000 	C:\WINDOWS\System32\KERNEL32.DLL
0x00007ffc0a830000 - 0x00007ffc0ac20000 	C:\WINDOWS\System32\KERNELBASE.dll
0x00007ffc0a1f0000 - 0x00007ffc0a33b000 	C:\WINDOWS\System32\ucrtbase.dll
0x00007ffbd2790000 - 0x00007ffbd27a8000 	C:\Users\ACER\.jdks\ms-21.0.8\bin\jli.dll
0x00007ffbd27b0000 - 0x00007ffbd27ce000 	C:\Users\ACER\.jdks\ms-21.0.8\bin\VCRUNTIME140.dll
0x00007ffc0cc90000 - 0x00007ffc0ce55000 	C:\WINDOWS\System32\USER32.dll
0x00007ffbf7b80000 - 0x00007ffbf7e1a000 	C:\WINDOWS\WinSxS\amd64_microsoft.windows.common-controls_6595b64144ccf1df_6.0.26100.4768_none_3e0c112ce331287c\COMCTL32.dll
0x00007ffc0a6c0000 - 0x00007ffc0a6e7000 	C:\WINDOWS\System32\win32u.dll
0x00007ffc0cf30000 - 0x00007ffc0cfd9000 	C:\WINDOWS\System32\msvcrt.dll
0x00007ffc0b1c0000 - 0x00007ffc0b1eb000 	C:\WINDOWS\System32\GDI32.dll
0x00007ffc0a580000 - 0x00007ffc0a6b8000 	C:\WINDOWS\System32\gdi32full.dll
0x00007ffc0a780000 - 0x00007ffc0a823000 	C:\WINDOWS\System32\msvcp_win.dll
0x00007ffc0bd00000 - 0x00007ffc0bd2f000 	C:\WINDOWS\System32\IMM32.DLL
0x00007ffbd1340000 - 0x00007ffbd134c000 	C:\Users\ACER\.jdks\ms-21.0.8\bin\vcruntime140_1.dll
0x00007ffba7150000 - 0x00007ffba71d9000 	C:\Users\ACER\.jdks\ms-21.0.8\bin\msvcp140.dll
0x00007ffb182b0000 - 0x00007ffb1905c000 	C:\Users\ACER\.jdks\ms-21.0.8\bin\server\jvm.dll
0x00007ffc0bba0000 - 0x00007ffc0bc54000 	C:\WINDOWS\System32\ADVAPI32.dll
0x00007ffc0b620000 - 0x00007ffc0b6c6000 	C:\WINDOWS\System32\sechost.dll
0x00007ffc0b2a0000 - 0x00007ffc0b3b8000 	C:\WINDOWS\System32\RPCRT4.dll
0x00007ffc0b1f0000 - 0x00007ffc0b264000 	C:\WINDOWS\System32\WS2_32.dll
0x00007ffc08d30000 - 0x00007ffc08d8e000 	C:\WINDOWS\SYSTEM32\POWRPROF.dll
0x00007ffc02350000 - 0x00007ffc02385000 	C:\WINDOWS\SYSTEM32\WINMM.dll
0x00007ffc03060000 - 0x00007ffc0306b000 	C:\WINDOWS\SYSTEM32\VERSION.dll
0x00007ffc08d10000 - 0x00007ffc08d24000 	C:\WINDOWS\SYSTEM32\UMPDC.dll
0x00007ffc08ff0000 - 0x00007ffc0900b000 	C:\WINDOWS\SYSTEM32\kernel.appcore.dll
0x00007ffbbbc80000 - 0x00007ffbbbc8a000 	C:\Users\ACER\.jdks\ms-21.0.8\bin\jimage.dll
0x00007ffbfc670000 - 0x00007ffbfc8b1000 	C:\WINDOWS\SYSTEM32\DBGHELP.DLL
0x00007ffc0ae30000 - 0x00007ffc0b1b5000 	C:\WINDOWS\System32\combase.dll
0x00007ffc0b430000 - 0x00007ffc0b510000 	C:\WINDOWS\System32\OLEAUT32.dll
0x00007ffbea6c0000 - 0x00007ffbea703000 	C:\WINDOWS\SYSTEM32\dbgcore.DLL
0x00007ffc0a150000 - 0x00007ffc0a1e9000 	C:\WINDOWS\System32\bcryptPrimitives.dll
0x00007ffbb9290000 - 0x00007ffbb92cc000 	C:\Users\ACER\.jdks\ms-21.0.8\bin\jdwp.dll
0x00007ffbbb600000 - 0x00007ffbbb621000 	C:\Users\ACER\.jdks\ms-21.0.8\bin\java.dll
0x00007ffc0bd40000 - 0x00007ffc0c48d000 	C:\WINDOWS\System32\SHELL32.dll
0x00007ffc0a400000 - 0x00007ffc0a573000 	C:\WINDOWS\System32\wintypes.dll
0x00007ffc07d30000 - 0x00007ffc08590000 	C:\WINDOWS\SYSTEM32\windows.storage.dll
0x00007ffc0c680000 - 0x00007ffc0c775000 	C:\WINDOWS\System32\SHCORE.dll
0x00007ffc0bc60000 - 0x00007ffc0bcca000 	C:\WINDOWS\System32\shlwapi.dll
0x00007ffc0a070000 - 0x00007ffc0a099000 	C:\WINDOWS\SYSTEM32\profapi.dll
0x00007ffba1cc0000 - 0x00007ffba1d96000 	C:\Users\ACER\.jdks\ms-21.0.8\bin\jsvml.dll
0x00007ffbbbbc0000 - 0x00007ffbbbbcc000 	C:\Users\ACER\.jdks\ms-21.0.8\bin\dt_socket.dll
0x00007ffc08a00000 - 0x00007ffc08a33000 	C:\WINDOWS\SYSTEM32\IPHLPAPI.DLL
0x00007ffc09580000 - 0x00007ffc095eb000 	C:\WINDOWS\system32\mswsock.dll
0x00007ffbb9270000 - 0x00007ffbb9281000 	C:\Users\ACER\.jdks\ms-21.0.8\bin\net.dll
0x00007ffc038c0000 - 0x00007ffc039de000 	C:\WINDOWS\SYSTEM32\WINHTTP.dll
0x00007ffbb9250000 - 0x00007ffbb9266000 	C:\Users\ACER\.jdks\ms-21.0.8\bin\nio.dll
0x00007ffbb83b0000 - 0x00007ffbb83c8000 	C:\Users\ACER\.jdks\ms-21.0.8\bin\zip.dll
0x00007ffbba6f0000 - 0x00007ffbba700000 	C:\Users\ACER\.jdks\ms-21.0.8\bin\verify.dll
0x000000005de10000 - 0x000000005de39000 	C:\Users\ACER\AppData\Local\Temp\libgdxACER\e787ab0a\gdx64.dll
0x00007ffba6ec0000 - 0x00007ffba6f35000 	C:\Users\ACER\AppData\Local\Temp\lwjglACER\3.3.1-build-7\lwjgl.dll
0x00007ffb8d300000 - 0x00007ffb8d559000 	C:\Users\ACER\AppData\Local\Temp\lwjglACER\3.3.1-build-7\jemalloc.dll

JVMTI agents:
jdwp path:C:\Users\ACER\.jdks\ms-21.0.8\bin\jdwp.dll, loaded, initialized, options:transport=dt_socket,server=n,suspend=y,address=127.0.0.1:53999

dbghelp: loaded successfully - version: 4.0.5 - missing functions: none
symbol engine: initialized successfully - sym options: 0x614 - pdb path: .;C:\Users\ACER\.jdks\ms-21.0.8\bin;C:\WINDOWS\SYSTEM32;C:\WINDOWS\WinSxS\amd64_microsoft.windows.common-controls_6595b64144ccf1df_6.0.26100.4768_none_3e0c112ce331287c;C:\Users\ACER\.jdks\ms-21.0.8\bin\server;C:\Users\ACER\AppData\Local\Temp\libgdxACER\e787ab0a;C:\Users\ACER\AppData\Local\Temp\lwjglACER\3.3.1-build-7

VM Arguments:
jvm_args: -agentlib:jdwp=transport=dt_socket,server=n,suspend=y,address=127.0.0.1:53999 -Dfile.encoding=windows-1252 -Duser.country=US -Duser.language=en -Duser.variant 
java_command: com.csse3200.game.desktop.DesktopLauncher
java_class_path (initial): E:\deco3801\2025-studio-4\source\desktop\build\classes\java\main;E:\deco3801\2025-studio-4\source\desktop\build\resources\main;C:\Users\ACER\.gradle\caches\modules-2\files-2.1\com.badlogicgames.gdx\gdx-backend-lwjgl3\1.11.0\58a96db4cd349be4292d547856aa1e1c5f065f4e\gdx-backend-lwjgl3-1.11.0.jar;C:\Users\ACER\.gradle\caches\modules-2\files-2.1\com.badlogicgames.gdx\gdx-platform\1.11.0\697fb13eada6d3c6ca648c9788692b0159add126\gdx-platform-1.11.0-natives-desktop.jar;C:\Users\ACER\.gradle\caches\modules-2\files-2.1\com.badlogicgames.gdx\gdx-box2d-platform\1.11.0\62ff9baa1e57a11e0a4428a38c9660bf9f312fdc\gdx-box2d-platform-1.11.0-natives-desktop.jar;C:\Users\ACER\.gradle\caches\modules-2\files-2.1\com.badlogicgames.gdx\gdx-tools\1.11.0\a5d30eafd0f2fbab314efdf6d98ebc27388b7c0a\gdx-tools-1.11.0.jar;C:\Users\ACER\.gradle\caches\modules-2\files-2.1\com.badlogicgames.gdx-controllers\gdx-controllers-desktop\2.2.2\625b3bdbe803e9c4af181b4791202cfcf776d805\gdx-controllers-desktop-2.2.2.jar;E:\deco3801\2025-studio-4\source\core\build\libs\core-1.0.jar;C:\Users\ACER\.gradle\caches\modules-2\files-2.1\com.badlogicgames.gdx\gdx-backend-lwjgl\1.11.0\33555a2cf8b4d9db4122b2fe42e7674b343d8b4\gdx-backend-lwjgl-1.11.0.jar;C:\Users\ACER\.gradle\caches\modules-2\files-2.1\com.badlogicgames.gdx\gdx-freetype\1.11.0\a3634ad2e6c56d251268d6ab5c0f66eee2841f2c\gdx-freetype-1.11.0.jar;C:\Users\ACER\.gradle\caches\modules-2\files-2.1\com.badlogicgames.gdx\gdx-backend-headless\1.11.0\3c3d0c951db72891d894df1725d09179fd0bca00\gdx-backend-headless-1.11.0.jar;C:\Users\ACER\.gradle\caches\modules-2\files-2.1\com.badlogicgames.gdx-controllers\gdx-controllers-core\2.2.2\25473efe9273912a03a4871a9e1469b41d86face\gdx-controllers-core-2.2.2.jar;C:\Users\ACER\.gradle\caches\modules-2\files-2.1\net.dermetfan.libgdx-utils\libgdx-utils-box2d\0.13.4\918d79a20ea3c898cdb3611782c5b2bfa6ec575b\libgdx-utils-box2d-0.13.4.jar;C:\Users\ACER\.gradle\caches\modules-2\files-2.1\com.badlogicgames.gdx\gdx-box2d\1.11.0\ad4facee800dd945d6d6e93dea2936bc135b5f\gdx-box2d-1.11.0.jar;C:\Users\ACER\.gradle\caches\modules-2\files-2.1\net.dermetfan.libgdx-utils\libgdx-utils\0.13.4\27affad2873d1c9c366a2290fc51f3927f3a5f83\libgdx-utils-0.13.4.jar;C:\Users\ACER\.gradle\caches\modules-2\files-2.1\com.badlogicgames.gdx\gdx\1.11.0\ffe1206d1004cd9e40027e28964be0fea0399af7\gdx-1.11.0.jar;C:\Users\ACER\.gradle\caches\modules-2\files-2.1\org.lwjgl\lwjgl-glfw\3.3.1\cbac1b8d30cb4795149c1ef540f912671a8616d0\lwjgl-glfw-3.3.1.jar;C:\Users\ACER\.gradle\caches\modules-2\files-2.1\org.lwjgl\lwjgl-glfw\3.3.1\81716978214ecbda15050ca394b06ef61501a49e\lwjgl-glfw-3.3.1-natives-linux.jar;C:\Users\ACER\.gradle\caches\modules-2\files-2.1\org.lwjgl\lwjgl-glfw\3.3.1\816d935933f2dd743074c4e717cc25b55720f294\lwjgl-glfw-3.3.1-natives-linux-arm32.jar;C:\Users\ACER\.gradle\caches\modules-2\files-2.1\org.lwjgl\lwjgl-glfw\3.3.1\513eb39b866d0fe131a18d5c517087805433b029\lwjgl-glfw-3.3.1-natives-linux-arm64.jar;C:\Users\ACER\.gradle\caches\modules-2\files-2.1\org.lwjgl\lwjgl-glfw\3.3.1\9ec4ce1fc8c85fdef03ef4ff2aace6f5775fb280\lwjgl-glfw-3.3.1-natives-macos.jar;C:\Users\ACER\.gradle\caches\modules-2\files-2.1\org.lwjgl\lwjgl-glfw\3.3.1\cac0d3f712a3da7641fa174735a5f315de7ffe0a\lwjgl-glfw-3.3.1-natives-macos-arm64.jar;C:\Users\ACER\.gradle\caches\modules-2\files-2.1\org.lwjgl\lwjgl-glfw\3.3.1\ed892f945cf7e79c8756796f32d00fa4ceaf573b\lwjgl-glfw-3.3.1-natives-windows.jar;C:\Users\ACER\.gradle\caches\modules-2\files-2.1\org.lwjgl\lwjgl-glfw\3.3.1\b997e3391d6ce8f05487e7335d95c606043884a1\lwjgl-glfw-3.3.1-natives-windows-x86.jar;C:\Users\ACER\.gradle\caches\modules-2\files-2.1\org.lwjgl\lwjgl-jemalloc\3.3.1\a817bcf213db49f710603677457567c37d53e103\lwjgl-jemalloc-3.3.1.jar;C:\Users\ACER\.gradle\caches\modules-2\files-2.1\org.lwjgl\lwjgl-jemalloc\3.3.1\33dbb017b6ed6b25f993ad9d56741a49e7937718\lwjgl-jemalloc-3.3.1-natives-linux.jar;C:\Users\ACER\.gradle\caches\modules-2\files-2.1\org.lwjgl\lwjgl-jemalloc\3.3.1\a96a6d6cb3876d7813fcee53c3c24f246aeba3b3\lwjgl-jemalloc-3.3.1-natives-linux-arm32.jar;C:\Users\ACER\.gradle\caches\modules-2\files-2.1\org.lwjgl\lwjgl-jemalloc\3.3.1\c6606e57db075ad218a2e78d2416c159a53b6a0c\lwjgl-jemalloc-3.3.1-natives-linux-arm64.jar;C:\Users\ACER\.gradle\caches\modules-2\files-2.1\org.lwjgl\lwjgl-jemalloc\3.3.1\56424dc8db3cfb8e7b594aa6d59a4f4387b7f544\lwjgl-jemalloc-3.3.1-natives-macos.jar;C:\Users\ACER\.gradle\caches\modules-2\files-2.1\org.lwjgl\lwjgl-jemalloc\3.3.1\e577b87d8ad2ade361aaea2fcf226c660b15dee8\lwjgl-jemalloc-3.3.1-natives-macos-arm64.jar;C:\Users\ACER\.gradle\caches\modules-2\files-2.1\org.lwjgl\lwjgl-jemalloc\3.3.1\948a89b76a16aa324b046ae9308891216ffce5f9\lwjgl-jemalloc-3.3.1-natives-windows.jar;C:\Users\ACER\.gradle\caches\modules-2\files-2.1\org.lwjgl\lwjgl-jemalloc\3.3.1\fb476c8ec110e1c137ad3ce8a7f7bfe6b11c6324\lwjgl-jemalloc-3.3.1-natives-windows-x86.jar;C:\Users\ACER\.gradle\caches\modules-2\files-2.1\org.lwjgl\lwjgl-openal\3.3.1\2623a6b8ae1dfcd880738656a9f0243d2e6840bd\lwjgl-openal-3.3.1.jar;C:\Users\ACER\.gradle\caches\modules-2\files-2.1\org.lwjgl\lwjgl-openal\3.3.1\f906b6439f6daa66001182ea7727e3467a93681b\lwjgl-openal-3.3.1-natives-linux.jar;C:\Users\ACER\.gradle\caches\modules-2\files-2.1\org.lwjgl\lwjgl-openal\3.3.1\ffbe35d7fa5ec9b7eca136a7c71f24d4025a510b\lwjgl-openal-3.3.1-natives-linux-arm32.jar;C:\Users\ACER\.gradle\caches\modules-2\files-2.1\org.lwjgl\lwjgl-openal\3.3.1\cf4e303257e82981b8b2e31bba3d7f8f7b8f42b2\lwjgl-openal-3.3.1-natives-linux-arm64.jar;C:\Users\ACER\.gradle\caches\modules-2\files-2.1\org.lwjgl\lwjgl-openal\3.3.1\3a57b8911835fb58b5e558d0ca0d28157e263d45\lwjgl-openal-3.3.1-natives-macos.jar;C:\Users\ACER\.gradle\caches\modules-2\files-2.1\org.lwjgl\lwjgl-openal\3.3.1\23d55e7490b57495320f6c9e1936d78fd72c4ef8\lwjgl-openal-3.3.1-natives-macos-arm64.jar;C:\Users\ACER\.gradle\caches\modules-2\files-2.1\org.lwjgl\lwjgl-openal\3.3.1\30a474d0e57193d7bc128849a3ab66bc9316fdb1\lwjgl-openal-3.3.1-natives-windows.jar;C:\Users\ACER\.gradle\caches\modules-2\files-2.1\org.lwjgl\lwjgl-openal\3.3.1\888349f7b1be6fbae58bf8edfb9ef12def04c4e3\lwjgl-openal-3.3.1-natives-windows-x86.jar;C:\Users\ACER\.gradle\caches\modules-2\files-2.1\org.lwjgl\lwjgl-opengl\3.3.1\831a5533a21a5f4f81bbc51bb13e9899319b5411\lwjgl-opengl-3.3.1.jar;C:\Users\ACER\.gradle\caches\modules-2\files-2.1\org.lwjgl\lwjgl-opengl\3.3.1\ab9ab6fde3743e3550fa5d46d785ecb45b047d99\lwjgl-opengl-3.3.1-natives-linux.jar;C:\Users\ACER\.gradle\caches\modules-2\files-2.1\org.lwjgl\lwjgl-opengl\3.3.1\e3550fa91097fd56e361b4370fa822220fef3595\lwjgl-opengl-3.3.1-natives-linux-arm32.jar;C:\Users\ACER\.gradle\caches\modules-2\files-2.1\org.lwjgl\lwjgl-opengl\3.3.1\1c528fb258a6e63e8fceb4482d8db0f3af10a634\lwjgl-opengl-3.3.1-natives-linux-arm64.jar;C:\Users\ACER\.gradle\caches\modules-2\files-2.1\org.lwjgl\lwjgl-opengl\3.3.1\a0d12697ea019a7362eff26475b0531340e876a6\lwjgl-opengl-3.3.1-natives-macos.jar;C:\Users\ACER\.gradle\caches\modules-2\files-2.1\org.lwjgl\lwjgl-opengl\3.3.1\eafe34b871d966292e8db0f1f3d6b8b110d4e91d\lwjgl-opengl-3.3.1-natives-macos-arm64.jar;C:\Users\ACER\.gradle\caches\modules-2\files-2.1\org.lwjgl\lwjgl-opengl\3.3.1\c1807e9bd571402787d7e37e3029776ae2513bb8\lwjgl-opengl-3.3.1-natives-windows.jar;C:\Users\ACER\.gradle\caches\modules-2\files-2.1\org.lwjgl\lwjgl-opengl\3.3.1\deef3eb9b178ff2ff3ce893cc72ae741c3a17974\lwjgl-opengl-3.3.1-natives-windows-x86.jar;C:\Users\ACER\.gradle\caches\modules-2\files-2.1\org.lwjgl\lwjgl-stb\3.3.1\b119297cf8ed01f247abe8685857f8e7fcf5980f\lwjgl-stb-3.3.1.jar;C:\Users\ACER\.gradle\caches\modules-2\files-2.1\org.lwjgl\lwjgl-stb\3.3.1\3ee7aec8686e52867677110415566a5342a80230\lwjgl-stb-3.3.1-natives-linux.jar;C:\Users\ACER\.gradle\caches\modules-2\files-2.1\org.lwjgl\lwjgl-stb\3.3.1\b08226bab162c06ae69337d8a1b0ee0a3fdf0b90\lwjgl-stb-3.3.1-natives-linux-arm32.jar;C:\Users\ACER\.gradle\caches\modules-2\files-2.1\org.lwjgl\lwjgl-stb\3.3.1\8e8348a1813aad7f30aaf75ea197151ebb7beba9\lwjgl-stb-3.3.1-natives-linux-arm64.jar;C:\Users\ACER\.gradle\caches\modules-2\files-2.1\org.lwjgl\lwjgl-stb\3.3.1\def8879b8d38a47a4cc1d48b1f9a7b772e51258e\lwjgl-stb-3.3.1-natives-macos.jar;C:\Users\ACER\.gradle\caches\modules-2\files-2.1\org.lwjgl\lwjgl-stb\3.3.1\fcf073ed911752abdca5f0b00a53cfdf17ff8e8b\lwjgl-stb-3.3.1-natives-macos-arm64.jar;C:\Users\ACER\.gradle\caches\modules-2\files-2.1\org.lwjgl\lwjgl-stb\3.3.1\86315914ac119efdb02dc9e8e978ade84f1702af\lwjgl-stb-3.3.1-natives-windows.jar;C:\Users\ACER\.gradle\caches\modules-2\files-2.1\org.lwjgl\lwjgl-stb\3.3.1\a8d41f419eecb430b7c91ea2ce2c5c451cae2091\lwjgl-stb-3.3.1-natives-windows-x86.jar;C:\Users\ACER\.gradle\caches\modules-2\files-2.1\org.lwjgl\lwjgl\3.3.1\ae58664f88e18a9bb2c77b063833ca7aaec484cb\lwjgl-3.3.1.jar;C:\Users\ACER\.gradle\caches\modules-2\files-2.1\org.lwjgl\lwjgl\3.3.1\1de885aba434f934201b99f2f1afb142036ac189\lwjgl-3.3.1-natives-linux.jar;C:\Users\ACER\.gradle\caches\modules-2\files-2.1\org.lwjgl\lwjgl\3.3.1\41a3c1dd15d6b964eb8196dde69720a3e3e5e969\lwjgl-3.3.1-natives-linux-arm32.jar;C:\Users\ACER\.gradle\caches\modules-2\files-2.1\org.lwjgl\lwjgl\3.3.1\b597401014acb7196c76d97e15a6288f54f1f692\lwjgl-3.3.1-natives-linux-arm64.jar;C:\Users\ACER\.gradle\caches\modules-2\files-2.1\org.lwjgl\lwjgl\3.3.1\fc6bb723dec2cd031557dccb2a95f0ab80acb9db\lwjgl-3.3.1-natives-macos.jar;C:\Users\ACER\.gradle\caches\modules-2\files-2.1\org.lwjgl\lwjgl\3.3.1\71d0d5e469c9c95351eb949064497e3391616ac9\lwjgl-3.3.1-natives-macos-arm64.jar;C:\Users\ACER\.gradle\caches\modules-2\files-2.1\org.lwjgl\lwjgl\3.3.1\36c37f16ab611b3aa11f3bcf80b1d509b4ce6b\lwjgl-3.3.1-natives-windows.jar;C:\Users\ACER\.gradle\caches\modules-2\files-2.1\org.lwjgl\lwjgl\3.3.1\3b14f4beae9dd39791ec9e12190a9380cd8a3ce6\lwjgl-3.3.1-natives-windows-x86.jar;C:\Users\ACER\.gradle\caches\modules-2\files-2.1\com.badlogicgames.jlayer\jlayer\1.0.1-gdx\7cca83cec5c1b2f011362f4d85aabd71a73b049d\jlayer-1.0.1-gdx.jar;C:\Users\ACER\.gradle\caches\modules-2\files-2.1\org.jcraft\jorbis\0.0.17\8872d22b293e8f5d7d56ff92be966e6dc28ebdc6\jorbis-0.0.17.jar;C:\Users\ACER\.gradle\caches\modules-2\files-2.1\com.badlogicgames.jamepad\jamepad\2.0.20.0\55eb0007fd55c9914d106dac3387b9d444572cab\jamepad-2.0.20.0.jar;C:\Users\ACER\.gradle\caches\modules-2\files-2.1\org.slf4j\slf4j-jdk14\1.7.36\4a18af6554bfe48b0f76eec98119c417da23c7e1\slf4j-jdk14-1.7.36.jar;C:\Users\ACER\.gradle\caches\modules-2\files-2.1\org.slf4j\slf4j-api\1.7.36\6c62681a2f655b49963a5983b8b0950a6120ae14\slf4j-api-1.7.36.jar;C:\Users\ACER\.gradle\caches\modules-2\files-2.1\com.badlogicgames.gdx\gdx-jnigen-loader\2.3.1\2d472f69243631fbcb3d4c3f93dd2e137a6cb084\gdx-jnigen-loader-2.3.1.jar;C:\Users\ACER\.gradle\caches\modules-2\files-2.1\org.lwjgl.lwjgl\lwjgl\2.9.3\3df168ac74e4a8c96562cdff24ad352e255bf89c\lwjgl-2.9.3.jar;C:\Users\ACER\.gradle\caches\modules-2\files-2.1\org.lwjgl.lwjgl\lwjgl-platform\2.9.3\fbc2afb3e288578e9942578decb6291a490549a0\lwjgl-platform-2.9.3-natives-windows.jar;C:\Users\ACER\.gradle\caches\modules-2\files-2.1\org.lwjgl.lwjgl\lwjgl-platform\2.9.3\b1eafe80093381c56415731e1d64279e6140bcd0\lwjgl-platform-2.9.3-natives-linux.jar;C:\Users\ACER\.gradle\caches\modules-2\files-2.1\org.lwjgl.lwjgl\lwjgl-platform\2.9.3\6686cf6ddaa20b4290aa6599a09bc0d17369be05\lwjgl-platform-2.9.3-natives-osx.jar;C:\Users\ACER\.gradle\caches\modules-2\files-2.1\net.java.jinput\jinput\2.0.5\39c7796b469a600f72380316f6b1f11db6c2c7c4\jinput-2.0.5.jar;C:\Users\ACER\.gradle\caches\modules-2\files-2.1\net.java.jutils\jutils\1.0.0\e12fe1fda814bd348c1579329c86943d2cd3c6a6\jutils-1.0.0.jar;C:\Users\ACER\.gradle\caches\modules-2\files-2.1\net.java.jinput\jinput-platform\2.0.5\7ff832a6eb9ab6a767f1ade2b548092d0fa64795\jinput-platform-2.0.5-natives-linux.jar;C:\Users\ACER\.gradle\caches\modules-2\files-2.1\net.java.jinput\jinput-platform\2.0.5\385ee093e01f587f30ee1c8a2ee7d408fd732e16\jinput-platform-2.0.5-natives-windows.jar;C:\Users\ACER\.gradle\caches\modules-2\files-2.1\net.java.jinput\jinput-platform\2.0.5\53f9c919f34d2ca9de8c51fc4e1e8282029a9232\jinput-platform-2.0.5-natives-osx.jar
Launcher Type: SUN_STANDARD

[Global flags]
     intx CICompilerCount                          = 4                                         {product} {ergonomic}
     uint ConcGCThreads                            = 3                                         {product} {ergonomic}
     uint G1ConcRefinementThreads                  = 10                                        {product} {ergonomic}
   size_t G1HeapRegionSize                         = 2097152                                   {product} {ergonomic}
    uintx GCDrainStackTargetSize                   = 64                                        {product} {ergonomic}
   size_t InitialHeapSize                          = 255852544                                 {product} {ergonomic}
   size_t MarkStackSize                            = 4194304                                   {product} {ergonomic}
   size_t MaxHeapSize                              = 4078960640                                {product} {ergonomic}
   size_t MaxNewSize                               = 2447376384                                {product} {ergonomic}
   size_t MinHeapDeltaBytes                        = 2097152                                   {product} {ergonomic}
   size_t MinHeapSize                              = 8388608                                   {product} {ergonomic}
    uintx NonNMethodCodeHeapSize                   = 5839372                                {pd product} {ergonomic}
    uintx NonProfiledCodeHeapSize                  = 122909434                              {pd product} {ergonomic}
    uintx ProfiledCodeHeapSize                     = 122909434                              {pd product} {ergonomic}
    uintx ReservedCodeCacheSize                    = 251658240                              {pd product} {ergonomic}
     bool SegmentedCodeCache                       = true                                      {product} {ergonomic}
   size_t SoftMaxHeapSize                          = 4078960640                             {manageable} {ergonomic}
     bool UseCompressedOops                        = true                           {product lp64_product} {ergonomic}
     bool UseG1GC                                  = true                                      {product} {ergonomic}
     bool UseLargePagesIndividualAllocation        = false                                  {pd product} {ergonomic}

Logging:
Log output configuration:
 #0: stdout all=warning uptime,level,tags foldmultilines=false
 #1: stderr all=off uptime,level,tags foldmultilines=false

Environment Variables:
JAVA_HOME=C:\Users\ACER\AppData\Local\Programs\Eclipse Adoptium\jdk-17.0.11.9-hotspot\
PATH=C:\Program Files\NVIDIA GPU Computing Toolkit\CUDA\v12.8\bin;C:\Program Files\NVIDIA GPU Computing Toolkit\CUDA\v12.8\libnvvp;C:\Program Files (x86)\Common Files\Oracle\Java\javapath;C:\Windows\system32;C:\Windows;C:\Windows\System32\Wbem;C:\Windows\System32\WindowsPowerShell\v1.0\;C:\Windows\System32\OpenSSH\;C:\Program Files (x86)\NVIDIA Corporation\PhysX\Common;C:\Program Files\NVIDIA Corporation\NVIDIA NvDLISR;C:\Users\ACER\AppData\Local\Programs\Python\Python312\Scripts;C:\Users\ACER\AppData\Local\Programs\Python\Python312;C:\msys64\ucrt64\bin;C:\WINDOWS\system32;C:\WINDOWS;C:\WINDOWS\System32\Wbem;C:\WINDOWS\System32\WindowsPowerShell\v1.0\;C:\WINDOWS\System32\OpenSSH\;D:\R-code\R-4.3.2\bin;C:\Program Files\dotnet\;C:\Program Files\nodejs\;C:\ProgramData\chocolatey\bin;C:\Program Files\Git\cmd;C:\Program Files\NVIDIA Corporation\Nsight Compute 2025.1.0\;C:\Program Files\NVIDIA Corporation\NVIDIA app\NvDLISR;C:\Users\ACER\AppData\Local\Programs\Python\Launcher\;C:\Users\ACER\AppData\Local\Programs\Eclipse Adoptium\jdk-17.0.11.9-hotspot\bin;C:\Users\ACER\AppData\Local\Microsoft\WindowsApps;C:\Users\ACER\AppData\Local\Programs\Microsoft VS Code\bin;C:\ghcup\bin;C:\Program Files\JetBrains\IntelliJ IDEA Community Edition 2024.1.4\bin;;C:\Users\ACER\AppData\Roaming\npm;C:\ProgramData\chocolatey\lib\make;C:\Users\ACER\AppData\Local\Programs\Python\Python312;C:\Users\ACER\AppData\Local\Programs\Python\Python312\Scripts;C:\msys64\ucrt64\bin;E:\Latex installer\miktex\bin\x64\
USERNAME=ACER
OS=Windows_NT
PROCESSOR_IDENTIFIER=AMD64 Family 25 Model 68 Stepping 1, AuthenticAMD
TMP=C:\Users\ACER\AppData\Local\Temp
TEMP=C:\Users\ACER\AppData\Local\Temp




Periodic native trim disabled

---------------  S Y S T E M  ---------------

OS:
 Windows 11 , 64 bit Build 26100 (10.0.26100.4768)
OS uptime: 7 days 17:49 hours
Hyper-V role detected

CPU: total 12 (initial active 12) (12 cores per cpu, 2 threads per core) family 25 model 68 stepping 1 microcode 0xa404102, cx8, cmov, fxsr, ht, mmx, 3dnowpref, sse, sse2, sse3, ssse3, sse4a, sse4.1, sse4.2, popcnt, lzcnt, tsc, tscinvbit, avx, avx2, aes, erms, clmul, bmi1, bmi2, adx, sha, fma, vzeroupper, clflush, clflushopt, hv, rdtscp, rdpid, fsrm, f16c, cet_ss
Processor Information for processor 0
  Max Mhz: 3301, Current Mhz: 3301, Mhz Limit: 3301
Processor Information for processor 1
  Max Mhz: 3301, Current Mhz: 2024, Mhz Limit: 3301
Processor Information for processor 2
  Max Mhz: 3301, Current Mhz: 3301, Mhz Limit: 3301
Processor Information for processor 3
  Max Mhz: 3301, Current Mhz: 3301, Mhz Limit: 3301
Processor Information for processor 4
  Max Mhz: 3301, Current Mhz: 2024, Mhz Limit: 3301
Processor Information for processor 5
  Max Mhz: 3301, Current Mhz: 3301, Mhz Limit: 3301
Processor Information for processor 6
  Max Mhz: 3301, Current Mhz: 3301, Mhz Limit: 3301
Processor Information for processor 7
  Max Mhz: 3301, Current Mhz: 3301, Mhz Limit: 3301
Processor Information for processor 8
  Max Mhz: 3301, Current Mhz: 2024, Mhz Limit: 3301
Processor Information for processor 9
  Max Mhz: 3301, Current Mhz: 3301, Mhz Limit: 3301
Processor Information for processor 10
  Max Mhz: 3301, Current Mhz: 2024, Mhz Limit: 3301
Processor Information for processor 11
  Max Mhz: 3301, Current Mhz: 3301, Mhz Limit: 3301

Memory: 4k page, system-wide physical 15557M (1784M free)
TotalPageFile size 33989M (AvailPageFile size 4212M)
current process WorkingSet (physical memory assigned to process): 54M, peak: 54M
current process commit charge ("private bytes"): 342M, peak: 342M

vm_info: OpenJDK 64-Bit Server VM (21.0.8+9-LTS) for windows-amd64 JRE (21.0.8+9-LTS), built on 2025-07-10T20:22:44Z by "MicrosoftCorporation" with unknown MS VC++:1944

END.
